app/build/outputs/logs/manifest-merger-debug-report.txt
-- Merging decision tree log ---
manifest
ADDED from src/main/AndroidManifest.xml:2:1-145:12
	package
		ADDED from src/main/AndroidManifest.xml:4:5-48
		INJECTED from src/main/AndroidManifest.xml
		INJECTED from src/main/AndroidManifest.xml
	android:versionName
		INJECTED from src/main/AndroidManifest.xml
		INJECTED from src/main/AndroidManifest.xml
	xmlns:tools
		ADDED from src/main/AndroidManifest.xml:3:5-51
	xmlns:android
		ADDED from src/main/AndroidManifest.xml:2:11-69
	android:versionCode
		INJECTED from src/main/AndroidManifest.xml
		INJECTED from src/main/AndroidManifest.xml
uses-permission#android.permission.VIBRATE
ADDED from src/main/AndroidManifest.xml:8:5-66
	android:name
		ADDED from src/main/AndroidManifest.xml:8:22-63
application
ADDED from src/main/AndroidManifest.xml:10:5-143:19
MERGED from [com.android.support.constraint:constraint-layout:1.0.2] AndroidManifest.xml:9:5-20
MERGED from [com.android.support:design:26.0.0-alpha1] AndroidManifest.xml:29:5-20
MERGED from [com.android.support:appcompat-v7:26.0.0-alpha1] AndroidManifest.xml:29:5-20
MERGED from [com.android.support:animated-vector-drawable:26.0.0-alpha1] AndroidManifest.xml:26:5-20
MERGED from [com.android.support:transition:26.0.0-alpha1] AndroidManifest.xml:26:5-20
MERGED from [com.android.support:support-vector-drawable:26.0.0-alpha1] AndroidManifest.xml:26:5-20
MERGED from [com.firebase:firebase-jobdispatcher:0.5.0] AndroidManifest.xml:26:5-40:19
MERGED from [com.android.support:support-v4:26.0.0-alpha1] AndroidManifest.xml:29:5-20
MERGED from [com.android.support:support-media-compat:26.0.0-alpha1] AndroidManifest.xml:29:5-20
MERGED from [com.android.support:support-fragment:26.0.0-alpha1] AndroidManifest.xml:29:5-20
MERGED from [com.android.support:support-core-ui:26.0.0-alpha1] AndroidManifest.xml:29:5-20
MERGED from [com.android.support:support-core-utils:26.0.0-alpha1] AndroidManifest.xml:29:5-20
MERGED from [com.android.support:support-compat:26.0.0-alpha1] AndroidManifest.xml:29:5-20
	android:label
		ADDED from src/main/AndroidManifest.xml:15:9-41
	android:supportsRtl
		ADDED from src/main/AndroidManifest.xml:16:9-35
	android:hardwareAccelerated
		ADDED from src/main/AndroidManifest.xml:13:9-43
	android:fullBackupContent
		ADDED from src/main/AndroidManifest.xml:12:9-41
	android:allowBackup
		ADDED from src/main/AndroidManifest.xml:11:9-35
	android:icon
		ADDED from src/main/AndroidManifest.xml:14:9-43
	android:theme
		ADDED from src/main/AndroidManifest.xml:17:9-39
activity#com.memory_athlete.memoryathletes.main.MainActivity
ADDED from src/main/AndroidManifest.xml:21:9-29:20
	android:launchMode
		ADDED from src/main/AndroidManifest.xml:23:13-43
	android:name
		ADDED from src/main/AndroidManifest.xml:22:13-79
intent-filter#android.intent.action.MAIN+android.intent.category.LAUNCHER
ADDED from src/main/AndroidManifest.xml:24:13-28:29
action#android.intent.action.MAIN
ADDED from src/main/AndroidManifest.xml:25:17-69
	android:name
		ADDED from src/main/AndroidManifest.xml:25:25-66
category#android.intent.category.LAUNCHER
ADDED from src/main/AndroidManifest.xml:27:17-77
	android:name
		ADDED from src/main/AndroidManifest.xml:27:27-74
activity#com.memory_athlete.memoryathletes.main.GetPro
ADDED from src/main/AndroidManifest.xml:33:9-82
	android:name
		ADDED from src/main/AndroidManifest.xml:33:19-79
activity#com.memory_athlete.memoryathletes.main.Login
ADDED from src/main/AndroidManifest.xml:34:9-37:44
	android:parentActivityName
		ADDED from src/main/AndroidManifest.xml:36:13-93
	tools:targetApi
		ADDED from src/main/AndroidManifest.xml:37:13-41
	android:name
		ADDED from src/main/AndroidManifest.xml:35:13-72
activity#com.memory_athlete.memoryathletes.main.Learn
ADDED from src/main/AndroidManifest.xml:38:9-41:44
	android:parentActivityName
		ADDED from src/main/AndroidManifest.xml:40:13-93
	tools:targetApi
		ADDED from src/main/AndroidManifest.xml:41:13-41
	android:name
		ADDED from src/main/AndroidManifest.xml:39:13-72
activity#com.memory_athlete.memoryathletes.recall.Recall
ADDED from src/main/AndroidManifest.xml:42:9-46:44
	android:screenOrientation
		ADDED from src/main/AndroidManifest.xml:45:13-49
	android:parentActivityName
		ADDED from src/main/AndroidManifest.xml:44:13-93
	tools:targetApi
		ADDED from src/main/AndroidManifest.xml:46:13-41
	android:name
		ADDED from src/main/AndroidManifest.xml:43:13-75
activity#com.memory_athlete.memoryathletes.main.Practice
ADDED from src/main/AndroidManifest.xml:47:9-50:44
	android:parentActivityName
		ADDED from src/main/AndroidManifest.xml:49:13-93
	tools:targetApi
		ADDED from src/main/AndroidManifest.xml:50:13-41
	android:name
		ADDED from src/main/AndroidManifest.xml:48:13-75
activity#com.memory_athlete.memoryathletes.main.Preferences
ADDED from src/main/AndroidManifest.xml:51:9-54:44
	android:parentActivityName
		ADDED from src/main/AndroidManifest.xml:53:13-93
	tools:targetApi
		ADDED from src/main/AndroidManifest.xml:54:13-41
	android:name
		ADDED from src/main/AndroidManifest.xml:52:13-78
activity#com.memory_athlete.memoryathletes.main.Apply
ADDED from src/main/AndroidManifest.xml:55:9-58:44
	android:parentActivityName
		ADDED from src/main/AndroidManifest.xml:57:13-93
	tools:targetApi
		ADDED from src/main/AndroidManifest.xml:58:13-41
	android:name
		ADDED from src/main/AndroidManifest.xml:56:13-72
activity#com.memory_athlete.memoryathletes.mySpace.MySpace
ADDED from src/main/AndroidManifest.xml:59:9-62:44
	android:parentActivityName
		ADDED from src/main/AndroidManifest.xml:61:13-93
	tools:targetApi
		ADDED from src/main/AndroidManifest.xml:62:13-41
	android:name
		ADDED from src/main/AndroidManifest.xml:60:13-77
activity#com.memory_athlete.memoryathletes.mySpace.WriteFile
ADDED from src/main/AndroidManifest.xml:63:9-66:44
	android:parentActivityName
		ADDED from src/main/AndroidManifest.xml:65:13-91
	tools:targetApi
		ADDED from src/main/AndroidManifest.xml:66:13-41
	android:name
		ADDED from src/main/AndroidManifest.xml:64:13-79
activity#com.memory_athlete.memoryathletes.lessons.Lessons
ADDED from src/main/AndroidManifest.xml:67:9-86
	android:name
		ADDED from src/main/AndroidManifest.xml:67:19-83
activity#com.memory_athlete.memoryathletes.disciplines.Numbers
ADDED from src/main/AndroidManifest.xml:71:9-75:44
	android:screenOrientation
		ADDED from src/main/AndroidManifest.xml:74:13-49
	android:parentActivityName
		ADDED from src/main/AndroidManifest.xml:73:13-89
	tools:targetApi
		ADDED from src/main/AndroidManifest.xml:75:13-41
	android:name
		ADDED from src/main/AndroidManifest.xml:72:13-81
activity#com.memory_athlete.memoryathletes.disciplines.Equations
ADDED from src/main/AndroidManifest.xml:76:9-80:44
	android:screenOrientation
		ADDED from src/main/AndroidManifest.xml:79:13-49
	android:parentActivityName
		ADDED from src/main/AndroidManifest.xml:78:13-89
	tools:targetApi
		ADDED from src/main/AndroidManifest.xml:80:13-41
	android:name
		ADDED from src/main/AndroidManifest.xml:77:13-83
activity#com.memory_athlete.memoryathletes.disciplines.Words
ADDED from src/main/AndroidManifest.xml:81:9-85:44
	android:screenOrientation
		ADDED from src/main/AndroidManifest.xml:84:13-49
	android:parentActivityName
		ADDED from src/main/AndroidManifest.xml:83:13-89
	tools:targetApi
		ADDED from src/main/AndroidManifest.xml:85:13-41
	android:name
		ADDED from src/main/AndroidManifest.xml:82:13-79
activity#com.memory_athlete.memoryathletes.disciplines.Names
ADDED from src/main/AndroidManifest.xml:86:9-90:44
	android:screenOrientation
		ADDED from src/main/AndroidManifest.xml:89:13-49
	android:parentActivityName
		ADDED from src/main/AndroidManifest.xml:88:13-89
	tools:targetApi
		ADDED from src/main/AndroidManifest.xml:90:13-41
	android:name
		ADDED from src/main/AndroidManifest.xml:87:13-79
activity#com.memory_athlete.memoryathletes.disciplines.Cards
ADDED from src/main/AndroidManifest.xml:91:9-95:44
	android:screenOrientation
		ADDED from src/main/AndroidManifest.xml:94:13-49
	android:parentActivityName
		ADDED from src/main/AndroidManifest.xml:93:13-89
	tools:targetApi
		ADDED from src/main/AndroidManifest.xml:95:13-41
	android:name
		ADDED from src/main/AndroidManifest.xml:92:13-79
activity#com.memory_athlete.memoryathletes.disciplines.BinaryDigits
ADDED from src/main/AndroidManifest.xml:96:9-100:44
	android:screenOrientation
		ADDED from src/main/AndroidManifest.xml:99:13-49
	android:parentActivityName
		ADDED from src/main/AndroidManifest.xml:98:13-89
	tools:targetApi
		ADDED from src/main/AndroidManifest.xml:100:13-41
	android:name
		ADDED from src/main/AndroidManifest.xml:97:13-86
activity#com.memory_athlete.memoryathletes.disciplines.Places
ADDED from src/main/AndroidManifest.xml:101:9-105:44
	android:screenOrientation
		ADDED from src/main/AndroidManifest.xml:104:13-49
	android:parentActivityName
		ADDED from src/main/AndroidManifest.xml:103:13-89
	tools:targetApi
		ADDED from src/main/AndroidManifest.xml:105:13-41
	android:name
		ADDED from src/main/AndroidManifest.xml:102:13-80
activity#com.memory_athlete.memoryathletes.disciplines.Foods
ADDED from src/main/AndroidManifest.xml:106:9-110:44
	android:screenOrientation
		ADDED from src/main/AndroidManifest.xml:109:13-49
	android:parentActivityName
		ADDED from src/main/AndroidManifest.xml:108:13-89
	tools:targetApi
		ADDED from src/main/AndroidManifest.xml:110:13-41
	android:name
		ADDED from src/main/AndroidManifest.xml:107:13-79
activity#com.memory_athlete.memoryathletes.disciplines.Dates
ADDED from src/main/AndroidManifest.xml:111:9-115:44
	android:screenOrientation
		ADDED from src/main/AndroidManifest.xml:114:13-49
	android:parentActivityName
		ADDED from src/main/AndroidManifest.xml:113:13-89
	tools:targetApi
		ADDED from src/main/AndroidManifest.xml:115:13-41
	android:name
		ADDED from src/main/AndroidManifest.xml:112:13-79
activity#com.memory_athlete.memoryathletes.disciplines.Colours
ADDED from src/main/AndroidManifest.xml:116:9-120:44
	android:screenOrientation
		ADDED from src/main/AndroidManifest.xml:119:13-49
	android:parentActivityName
		ADDED from src/main/AndroidManifest.xml:118:13-89
	tools:targetApi
		ADDED from src/main/AndroidManifest.xml:120:13-41
	android:name
		ADDED from src/main/AndroidManifest.xml:117:13-81
activity#com.memory_athlete.memoryathletes.disciplines.Letters
ADDED from src/main/AndroidManifest.xml:121:9-125:44
	android:screenOrientation
		ADDED from src/main/AndroidManifest.xml:124:13-49
	android:parentActivityName
		ADDED from src/main/AndroidManifest.xml:123:13-89
	tools:targetApi
		ADDED from src/main/AndroidManifest.xml:125:13-41
	android:name
		ADDED from src/main/AndroidManifest.xml:122:13-81
service#com.memory_athlete.memoryathletes.services.ReminderJobService
ADDED from src/main/AndroidManifest.xml:128:9-134:19
	android:exported
		ADDED from src/main/AndroidManifest.xml:130:13-37
	android:name
		ADDED from src/main/AndroidManifest.xml:129:13-89
intent-filter#com.firebase.jobdispatcher.ACTION_EXECUTE
ADDED from src/main/AndroidManifest.xml:131:13-133:29
action#com.firebase.jobdispatcher.ACTION_EXECUTE
ADDED from src/main/AndroidManifest.xml:132:17-84
	android:name
		ADDED from src/main/AndroidManifest.xml:132:25-81
service#com.memory_athlete.memoryathletes.services.MySpaceJobService
ADDED from src/main/AndroidManifest.xml:135:9-142:19
	android:enabled
		ADDED from src/main/AndroidManifest.xml:137:13-35
	android:exported
		ADDED from src/main/AndroidManifest.xml:138:13-37
	android:name
		ADDED from src/main/AndroidManifest.xml:136:13-88
uses-sdk
INJECTED from src/main/AndroidManifest.xml reason: use-sdk injection requested
MERGED from [com.android.support.constraint:constraint-layout:1.0.2] AndroidManifest.xml:5:5-7:41
MERGED from [com.android.support:design:26.0.0-alpha1] AndroidManifest.xml:21:5-23:62
MERGED from [com.android.support:appcompat-v7:26.0.0-alpha1] AndroidManifest.xml:21:5-23:78
MERGED from [com.android.support:animated-vector-drawable:26.0.0-alpha1] AndroidManifest.xml:20:5-44
MERGED from [com.android.support:recyclerview-v7:26.0.0-alpha1] AndroidManifest.xml:20:5-44
MERGED from [com.android.support:transition:26.0.0-alpha1] AndroidManifest.xml:20:5-44
MERGED from [com.android.support:support-vector-drawable:26.0.0-alpha1] AndroidManifest.xml:20:5-44
MERGED from [com.firebase:firebase-jobdispatcher:0.5.0] AndroidManifest.xml:22:5-24:41
MERGED from [com.android.support:support-v4:26.0.0-alpha1] AndroidManifest.xml:21:5-23:54
MERGED from [com.android.support:support-media-compat:26.0.0-alpha1] AndroidManifest.xml:21:5-23:63
MERGED from [com.android.support:support-fragment:26.0.0-alpha1] AndroidManifest.xml:21:5-23:60
MERGED from [com.android.support:support-core-ui:26.0.0-alpha1] AndroidManifest.xml:21:5-23:58
MERGED from [com.android.support:support-core-utils:26.0.0-alpha1] AndroidManifest.xml:21:5-23:61
MERGED from [com.android.support:support-compat:26.0.0-alpha1] AndroidManifest.xml:21:5-23:58
	tools:overrideLibrary
		ADDED from [com.android.support:design:26.0.0-alpha1] AndroidManifest.xml:23:9-59
	android:targetSdkVersion
		INJECTED from src/main/AndroidManifest.xml
		INJECTED from src/main/AndroidManifest.xml
	android:minSdkVersion
		INJECTED from src/main/AndroidManifest.xml
		INJECTED from src/main/AndroidManifest.xml
meta-data#android.support.VERSION
ADDED from [com.android.support:design:26.0.0-alpha1] AndroidManifest.xml:25:5-27:41
MERGED from [com.android.support:appcompat-v7:26.0.0-alpha1] AndroidManifest.xml:25:5-27:41
MERGED from [com.android.support:animated-vector-drawable:26.0.0-alpha1] AndroidManifest.xml:22:5-24:41
MERGED from [com.android.support:recyclerview-v7:26.0.0-alpha1] AndroidManifest.xml:22:5-24:41
MERGED from [com.android.support:transition:26.0.0-alpha1] AndroidManifest.xml:22:5-24:41
MERGED from [com.android.support:support-vector-drawable:26.0.0-alpha1] AndroidManifest.xml:22:5-24:41
MERGED from [com.android.support:support-v4:26.0.0-alpha1] AndroidManifest.xml:25:5-27:41
MERGED from [com.android.support:support-media-compat:26.0.0-alpha1] AndroidManifest.xml:25:5-27:41
MERGED from [com.android.support:support-fragment:26.0.0-alpha1] AndroidManifest.xml:25:5-27:41
MERGED from [com.android.support:support-core-ui:26.0.0-alpha1] AndroidManifest.xml:25:5-27:41
MERGED from [com.android.support:support-core-utils:26.0.0-alpha1] AndroidManifest.xml:25:5-27:41
MERGED from [com.android.support:support-compat:26.0.0-alpha1] AndroidManifest.xml:25:5-27:41
	android:value
		ADDED from [com.android.support:design:26.0.0-alpha1] AndroidManifest.xml:27:9-38
	android:name
		ADDED from [com.android.support:design:26.0.0-alpha1] AndroidManifest.xml:26:9-47
service#com.firebase.jobdispatcher.GooglePlayReceiver
ADDED from [com.firebase:firebase-jobdispatcher:0.5.0] AndroidManifest.xml:32:9-39:19
	android:exported
		ADDED from [com.firebase:firebase-jobdispatcher:0.5.0] AndroidManifest.xml:34:13-36
	android:permission
		ADDED from [com.firebase:firebase-jobdispatcher:0.5.0] AndroidManifest.xml:35:13-93
	android:name
		ADDED from [com.firebase:firebase-jobdispatcher:0.5.0] AndroidManifest.xml:33:13-73
intent-filter#com.google.android.gms.gcm.ACTION_TASK_READY
ADDED from [com.firebase:firebase-jobdispatcher:0.5.0] AndroidManifest.xml:36:13-38:29
action#com.google.android.gms.gcm.ACTION_TASK_READY
ADDED from [com.firebase:firebase-jobdispatcher:0.5.0] AndroidManifest.xml:37:17-87
	android:name
		ADDED from [com.firebase:firebase-jobdispatcher:0.5.0] AndroidManifest.xml:37:25-84